0 info it worked if it ends with ok
1 verbose cli [ '/Users/Priyakamesh/.nvm/versions/node/v7.4.0/bin/node',
1 verbose cli   '/Users/Priyakamesh/.nvm/versions/node/v7.4.0/bin/npm',
1 verbose cli   'start' ]
2 info using npm@4.0.5
3 info using node@v7.4.0
4 verbose run-script [ 'prestart', 'start', 'poststart' ]
5 info lifecycle ms-03-group-project-zoo-api-75k-1@1.0.0~prestart: ms-03-group-project-zoo-api-75k-1@1.0.0
6 silly lifecycle ms-03-group-project-zoo-api-75k-1@1.0.0~prestart: no script for prestart, continuing
7 info lifecycle ms-03-group-project-zoo-api-75k-1@1.0.0~start: ms-03-group-project-zoo-api-75k-1@1.0.0
8 verbose lifecycle ms-03-group-project-zoo-api-75k-1@1.0.0~start: unsafe-perm in lifecycle true
9 verbose lifecycle ms-03-group-project-zoo-api-75k-1@1.0.0~start: PATH: /Users/Priyakamesh/.nvm/versions/node/v7.4.0/lib/node_modules/npm/bin/node-gyp-bin:/Users/Priyakamesh/workspace/Group Exercise/ms-03-group-project-zoo-api-75k-1/node_modules/.bin:/Users/Priyakamesh/.nvm/versions/node/v7.4.0/bin:/usr/local/bin:/usr/bin:/bin:/usr/sbin:/sbin
10 verbose lifecycle ms-03-group-project-zoo-api-75k-1@1.0.0~start: CWD: /Users/Priyakamesh/workspace/Group Exercise/ms-03-group-project-zoo-api-75k-1
11 silly lifecycle ms-03-group-project-zoo-api-75k-1@1.0.0~start: Args: [ '-c', 'node bin/zoo' ]
12 silly lifecycle ms-03-group-project-zoo-api-75k-1@1.0.0~start: Returned: code: 1  signal: null
13 info lifecycle ms-03-group-project-zoo-api-75k-1@1.0.0~start: Failed to exec start script
14 verbose stack Error: ms-03-group-project-zoo-api-75k-1@1.0.0 start: `node bin/zoo`
14 verbose stack Exit status 1
14 verbose stack     at EventEmitter.<anonymous> (/Users/Priyakamesh/.nvm/versions/node/v7.4.0/lib/node_modules/npm/lib/utils/lifecycle.js:279:16)
14 verbose stack     at emitTwo (events.js:106:13)
14 verbose stack     at EventEmitter.emit (events.js:191:7)
14 verbose stack     at ChildProcess.<anonymous> (/Users/Priyakamesh/.nvm/versions/node/v7.4.0/lib/node_modules/npm/lib/utils/spawn.js:40:14)
14 verbose stack     at emitTwo (events.js:106:13)
14 verbose stack     at ChildProcess.emit (events.js:191:7)
14 verbose stack     at maybeClose (internal/child_process.js:885:16)
14 verbose stack     at Process.ChildProcess._handle.onexit (internal/child_process.js:226:5)
15 verbose pkgid ms-03-group-project-zoo-api-75k-1@1.0.0
16 verbose cwd /Users/Priyakamesh/workspace/Group Exercise/ms-03-group-project-zoo-api-75k-1
17 error Darwin 15.6.0
18 error argv "/Users/Priyakamesh/.nvm/versions/node/v7.4.0/bin/node" "/Users/Priyakamesh/.nvm/versions/node/v7.4.0/bin/npm" "start"
19 error node v7.4.0
20 error npm  v4.0.5
21 error code ELIFECYCLE
22 error ms-03-group-project-zoo-api-75k-1@1.0.0 start: `node bin/zoo`
22 error Exit status 1
23 error Failed at the ms-03-group-project-zoo-api-75k-1@1.0.0 start script 'node bin/zoo'.
23 error Make sure you have the latest version of node.js and npm installed.
23 error If you do, this is most likely a problem with the ms-03-group-project-zoo-api-75k-1 package,
23 error not with npm itself.
23 error Tell the author that this fails on your system:
23 error     node bin/zoo
23 error You can get information on how to open an issue for this project with:
23 error     npm bugs ms-03-group-project-zoo-api-75k-1
23 error Or if that isn't available, you can get their info via:
23 error     npm owner ls ms-03-group-project-zoo-api-75k-1
23 error There is likely additional logging output above.
24 verbose exit [ 1, true ]
